<?xml version="1.0" encoding="UTF-8"?>
<!-- Generated by org.testng.reporters.JUnitXMLReporter -->
<testsuite hostname="LAPTOP-FB68D8EQ" ignored="0" name="Default test" tests="3" failures="0" timestamp="2020-03-25T09:47:54 NZDT" time="52.148" errors="0">
  <testcase name="loginButtonTest" time="0.302" classname="TestNGBasic.SpiceJetTest"/>
  <testcase name="logoTest" time="0.128" classname="TestNGBasic.SpiceJetTest"/>
  <testcase name="titleTest" time="0.011" classname="TestNGBasic.SpiceJetTest"/>
</testsuite> <!-- Default test -->
